[debug] [2022-02-03T07:50:50.627Z] ----------------------------------------------------------------------
[debug] [2022-02-03T07:50:50.628Z] Command:       /usr/bin/node /usr/bin/firebase init hosting:github
[debug] [2022-02-03T07:50:50.629Z] CLI Version:   9.20.0
[debug] [2022-02-03T07:50:50.629Z] Platform:      linux
[debug] [2022-02-03T07:50:50.629Z] Node Version:  v14.18.0
[debug] [2022-02-03T07:50:50.629Z] Time:          Thu Feb 03 2022 13:20:50 GMT+0530 (India Standard Time)
[debug] [2022-02-03T07:50:50.629Z] ----------------------------------------------------------------------
[debug] 
[debug] [2022-02-03T07:50:50.671Z] > command requires scopes: ["email","openid","https://www.googleapis.com/auth/cloudplatformprojects.readonly","https://www.googleapis.com/auth/firebase","https://www.googleapis.com/auth/cloud-platform"]
[debug] [2022-02-03T07:50:50.671Z] > authorizing via signed-in user (shahid.khan@remotestate.com)
[info] 
     ######## #### ########  ######## ########     ###     ######  ########
     ##        ##  ##     ## ##       ##     ##  ##   ##  ##       ##
     ######    ##  ########  ######   ########  #########  ######  ######
     ##        ##  ##    ##  ##       ##     ## ##     ##       ## ##
     ##       #### ##     ## ######## ########  ##     ##  ######  ########

You're about to initialize a Firebase project in this directory:

  /home/shahidkhan/Documents/demo

Before we get started, keep in mind:

  * You are initializing within an existing Firebase project directory

[info] 
=== Project Setup
[info] 
[info] First, let's associate this project directory with a Firebase project.
[info] You can create multiple project aliases by running firebase use --add, 
[info] but for now we'll just set up a default project.
[info] 
[info] i  .firebaserc already has a default project, using fir-28842. 
[debug] [2022-02-03T07:50:50.675Z] > refreshing access token with scopes: []
[debug] [2022-02-03T07:50:50.676Z] >>> HTTP REQUEST POST https://www.googleapis.com/oauth2/v3/token  
 <request body omitted>
[debug] [2022-02-03T07:51:00.717Z] Authentication Error: Your credentials are no longer valid. Please run firebase login --reauth

For CI servers and headless environments, generate a new token with firebase login:ci
[debug] [2022-02-03T07:51:10.764Z] FirebaseError: Authentication Error: Your credentials are no longer valid. Please run firebase login --reauth

For CI servers and headless environments, generate a new token with firebase login:ci
    at invalidCredentialError (/usr/lib/node_modules/firebase-tools/lib/auth.js:141:12)
    at refreshTokens (/usr/lib/node_modules/firebase-tools/lib/auth.js:448:15)
    at processTicksAndRejections (internal/process/task_queues.js:95:5)
    at async Client.getAccessToken (/usr/lib/node_modules/firebase-tools/lib/apiv2.js:144:23)
    at async Client.addAuthHeader (/usr/lib/node_modules/firebase-tools/lib/apiv2.js:135:21)
    at async Client.request (/usr/lib/node_modules/firebase-tools/lib/apiv2.js:93:34)
    at async Object.getFirebaseProject (/usr/lib/node_modules/firebase-tools/lib/management/projects.js:290:21)
    at async Object.doSetup [as project] (/usr/lib/node_modules/firebase-tools/lib/init/features/project.js:77:27)
    at async init (/usr/lib/node_modules/firebase-tools/lib/init/index.js:19:9)
[error] 
[error] Error: Failed to get Firebase project fir-28842. Please make sure the project exists and your account has permission to access it.
[debug] [2022-02-03T07:51:22.736Z] ----------------------------------------------------------------------
[debug] [2022-02-03T07:51:22.738Z] Command:       /usr/bin/node /usr/bin/firebase init hosting:github
[debug] [2022-02-03T07:51:22.738Z] CLI Version:   9.20.0
[debug] [2022-02-03T07:51:22.738Z] Platform:      linux
[debug] [2022-02-03T07:51:22.738Z] Node Version:  v14.18.0
[debug] [2022-02-03T07:51:22.739Z] Time:          Thu Feb 03 2022 13:21:22 GMT+0530 (India Standard Time)
[debug] [2022-02-03T07:51:22.739Z] ----------------------------------------------------------------------
[debug] 
[debug] [2022-02-03T07:51:22.780Z] > command requires scopes: ["email","openid","https://www.googleapis.com/auth/cloudplatformprojects.readonly","https://www.googleapis.com/auth/firebase","https://www.googleapis.com/auth/cloud-platform"]
[debug] [2022-02-03T07:51:22.781Z] > authorizing via signed-in user (shahid.khan@remotestate.com)
[info] 
     ######## #### ########  ######## ########     ###     ######  ########
     ##        ##  ##     ## ##       ##     ##  ##   ##  ##       ##
     ######    ##  ########  ######   ########  #########  ######  ######
     ##        ##  ##    ##  ##       ##     ## ##     ##       ## ##
     ##       #### ##     ## ######## ########  ##     ##  ######  ########

You're about to initialize a Firebase project in this directory:

  /home/shahidkhan/Documents/demo

Before we get started, keep in mind:

  * You are initializing within an existing Firebase project directory

[info] 
=== Project Setup
[info] 
[info] First, let's associate this project directory with a Firebase project.
[info] You can create multiple project aliases by running firebase use --add, 
[info] but for now we'll just set up a default project.
[info] 
[info] i  .firebaserc already has a default project, using fir-28842. 
[debug] [2022-02-03T07:51:22.785Z] > refreshing access token with scopes: []
[debug] [2022-02-03T07:51:22.786Z] >>> HTTP REQUEST POST https://www.googleapis.com/oauth2/v3/token  
 <request body omitted>
[debug] [2022-02-03T07:51:23.210Z] <<< HTTP RESPONSE 200 {"date":"Thu, 03 Feb 2022 07:51:22 GMT","cache-control":"no-cache, no-store, max-age=0, must-revalidate","expires":"Mon, 01 Jan 1990 00:00:00 GMT","pragma":"no-cache","content-type":"application/json; charset=utf-8","vary":"X-Origin, Referer, Origin,Accept-Encoding","server":"scaffolding on HTTPServer2","x-xss-protection":"0","x-frame-options":"SAMEORIGIN","x-content-type-options":"nosniff","alt-svc":"h3=\":443\"; ma=2592000,h3-29=\":443\"; ma=2592000,h3-Q050=\":443\"; ma=2592000,h3-Q046=\":443\"; ma=2592000,h3-Q043=\":443\"; ma=2592000,quic=\":443\"; ma=2592000; v=\"46,43\"","accept-ranges":"none","transfer-encoding":"chunked"}
[debug] [2022-02-03T07:51:23.239Z] >>> [apiv2][query] GET https://firebase.googleapis.com/v1beta1/projects/fir-28842 [none]
[debug] [2022-02-03T07:51:24.193Z] <<< [apiv2][status] GET https://firebase.googleapis.com/v1beta1/projects/fir-28842 200
[debug] [2022-02-03T07:51:24.194Z] <<< [apiv2][body] GET https://firebase.googleapis.com/v1beta1/projects/fir-28842 {"projectId":"fir-28842","projectNumber":"584243164485","displayName":"demo","name":"projects/fir-28842","resources":{"hostingSite":"fir-28842"},"state":"ACTIVE"}
[info] 
=== Hosting:github Setup
[info] 
[info] i  Detected a .git folder at /home/shahidkhan/Documents/demo 
[info] i  Authorizing with GitHub to upload your service account to a GitHub repository's secrets store. 
[info] 
[info] Visit this URL on this device to log in:
[info] https://github.com/login/oauth/authorize?client_id=89cf50f02ac6aaed3484&state=169376304&redirect_uri=http%3A%2F%2Flocalhost%3A9005&scope=read%3Auser%20repo%20public_repo
[info] 
[info] Waiting for authentication...
[debug] [2022-02-03T07:51:29.517Z] >>> HTTP REQUEST POST https://github.com/login/oauth/access_token  
 {"client_id":"89cf50f02ac6aaed3484","client_secret":"3330d14abc895d9a74d5f17cd7a00711fa2c5bf0","code":"2c7af0ec0c996c70982e","redirect_uri":"http://localhost:9005","state":"169376304"}
[debug] [2022-02-03T07:51:34.519Z] <<< HTTP RESPONSE 200 {"server":"GitHub.com","date":"Thu, 03 Feb 2022 07:51:33 GMT","content-type":"application/json; charset=utf-8","transfer-encoding":"chunked","vary":"X-PJAX, X-PJAX-Container, Accept-Encoding, Accept, X-Requested-With","permissions-policy":"interest-cohort=()","etag":"W/\"ed72e022a8fa5eb4bfac215bd012d26c\"","cache-control":"max-age=0, private, must-revalidate","strict-transport-security":"max-age=31536000; includeSubdomains; preload","x-frame-options":"deny","x-content-type-options":"nosniff","x-xss-protection":"0","referrer-policy":"origin-when-cross-origin, strict-origin-when-cross-origin","expect-ct":"max-age=2592000, report-uri=\"https://api.github.com/_private/browser/errors\"","content-security-policy":"default-src 'none'; base-uri 'self'; block-all-mixed-content; child-src github.com/assets-cdn/worker/ gist.github.com/assets-cdn/worker/; connect-src 'self' uploads.github.com objects-origin.githubusercontent.com www.githubstatus.com collector.githubapp.com collector.github.com api.github.com github-cloud.s3.amazonaws.com github-production-repository-file-5c1aeb.s3.amazonaws.com github-production-upload-manifest-file-7fdce7.s3.amazonaws.com github-production-user-asset-6210df.s3.amazonaws.com cdn.optimizely.com logx.optimizely.com/v1/events translator.github.com wss://alive.github.com; font-src github.githubassets.com; form-action 'self' github.com gist.github.com objects-origin.githubusercontent.com; frame-ancestors 'none'; frame-src render.githubusercontent.com viewscreen.githubusercontent.com notebooks.githubusercontent.com; img-src 'self' data: github.githubassets.com identicons.github.com collector.githubapp.com collector.github.com github-cloud.s3.amazonaws.com secured-user-images.githubusercontent.com/ *.githubusercontent.com; manifest-src 'self'; media-src github.com user-images.githubusercontent.com/; script-src github.githubassets.com; style-src 'unsafe-inline' github.githubassets.com; worker-src github.com/assets-cdn/worker/ gist.github.com/assets-cdn/worker/","x-github-request-id":"9D8C:4757:6228AB:8182F4:61FB8985"}
[debug] [2022-02-03T07:51:34.529Z] >>> [apiv2][query] GET https://api.github.com/user [none]
[debug] [2022-02-03T07:51:39.651Z] <<< [apiv2][status] GET https://api.github.com/user 200
[debug] [2022-02-03T07:51:39.653Z] <<< [apiv2][body] GET https://api.github.com/user {"login":"Shahid-remotestate","id":81220408,"node_id":"MDQ6VXNlcjgxMjIwNDA4","avatar_url":"https://avatars.githubusercontent.com/u/81220408?v=4","gravatar_id":"","url":"https://api.github.com/users/Shahid-remotestate","html_url":"https://github.com/Shahid-remotestate","followers_url":"https://api.github.com/users/Shahid-remotestate/followers","following_url":"https://api.github.com/users/Shahid-remotestate/following{/other_user}","gists_url":"https://api.github.com/users/Shahid-remotestate/gists{/gist_id}","starred_url":"https://api.github.com/users/Shahid-remotestate/starred{/owner}{/repo}","subscriptions_url":"https://api.github.com/users/Shahid-remotestate/subscriptions","organizations_url":"https://api.github.com/users/Shahid-remotestate/orgs","repos_url":"https://api.github.com/users/Shahid-remotestate/repos","events_url":"https://api.github.com/users/Shahid-remotestate/events{/privacy}","received_events_url":"https://api.github.com/users/Shahid-remotestate/received_events","type":"User","site_admin":false,"name":"Shahid Khan","company":"Remotestate","blog":"remotestate.com","location":"Noida","email":null,"hireable":null,"bio":null,"twitter_username":null,"public_repos":6,"public_gists":0,"followers":0,"following":0,"created_at":"2021-03-23T07:59:02Z","updated_at":"2021-12-05T10:50:41Z","private_gists":0,"total_private_repos":4,"owned_private_repos":4,"disk_usage":24581,"collaborators":0,"two_factor_authentication":false,"plan":{"name":"free","space":976562499,"collaborators":0,"private_repos":10000}}
[info] 
[info] ✔  Success! Logged into GitHub as Shahid-remotestate 
[info] 
[debug] [2022-02-03T07:52:42.594Z] >>> [apiv2][query] GET https://api.github.com/repos/Shahid-remotestate/actions/secrets/public-key type=owner
[debug] [2022-02-03T07:52:42.599Z] >>> [apiv2][query] GET https://api.github.com/repos///actions/secrets/public-key type=owner
[debug] [2022-02-03T07:53:20.855Z] >>> [apiv2][query] GET https://api.github.com/repos/Shahid-remotestate/ci-cd-demo/actions/secrets/public-key type=owner
[debug] [2022-02-03T07:53:21.364Z] <<< [apiv2][status] GET https://api.github.com/repos/Shahid-remotestate/ci-cd-demo/actions/secrets/public-key 200
[debug] [2022-02-03T07:53:21.365Z] <<< [apiv2][body] GET https://api.github.com/repos/Shahid-remotestate/ci-cd-demo/actions/secrets/public-key {"key_id":"568250167242549743","key":"xvyr9BPxwSjS/H3joMSW6TNy+TedmifaQRTHggoGN38="}
[debug] [2022-02-03T07:53:21.373Z] >>> [apiv2][query] GET https://api.github.com/repos/Shahid-remotestate/ci-cd-demo [none]
[debug] [2022-02-03T07:53:22.048Z] <<< [apiv2][status] GET https://api.github.com/repos/Shahid-remotestate/ci-cd-demo 200
[debug] [2022-02-03T07:53:22.049Z] <<< [apiv2][body] GET https://api.github.com/repos/Shahid-remotestate/ci-cd-demo {"id":453472246,"node_id":"R_kgDOGwdv9g","name":"ci-cd-demo","full_name":"Shahid-remotestate/ci-cd-demo","private":false,"owner":{"login":"Shahid-remotestate","id":81220408,"node_id":"MDQ6VXNlcjgxMjIwNDA4","avatar_url":"https://avatars.githubusercontent.com/u/81220408?v=4","gravatar_id":"","url":"https://api.github.com/users/Shahid-remotestate","html_url":"https://github.com/Shahid-remotestate","followers_url":"https://api.github.com/users/Shahid-remotestate/followers","following_url":"https://api.github.com/users/Shahid-remotestate/following{/other_user}","gists_url":"https://api.github.com/users/Shahid-remotestate/gists{/gist_id}","starred_url":"https://api.github.com/users/Shahid-remotestate/starred{/owner}{/repo}","subscriptions_url":"https://api.github.com/users/Shahid-remotestate/subscriptions","organizations_url":"https://api.github.com/users/Shahid-remotestate/orgs","repos_url":"https://api.github.com/users/Shahid-remotestate/repos","events_url":"https://api.github.com/users/Shahid-remotestate/events{/privacy}","received_events_url":"https://api.github.com/users/Shahid-remotestate/received_events","type":"User","site_admin":false},"html_url":"https://github.com/Shahid-remotestate/ci-cd-demo","description":null,"fork":false,"url":"https://api.github.com/repos/Shahid-remotestate/ci-cd-demo","forks_url":"https://api.github.com/repos/Shahid-remotestate/ci-cd-demo/forks","keys_url":"https://api.github.com/repos/Shahid-remotestate/ci-cd-demo/keys{/key_id}","collaborators_url":"https://api.github.com/repos/Shahid-remotestate/ci-cd-demo/collaborators{/collaborator}","teams_url":"https://api.github.com/repos/Shahid-remotestate/ci-cd-demo/teams","hooks_url":"https://api.github.com/repos/Shahid-remotestate/ci-cd-demo/hooks","issue_events_url":"https://api.github.com/repos/Shahid-remotestate/ci-cd-demo/issues/events{/number}","events_url":"https://api.github.com/repos/Shahid-remotestate/ci-cd-demo/events","assignees_url":"https://api.github.com/repos/Shahid-remotestate/ci-cd-demo/assignees{/user}","branches_url":"https://api.github.com/repos/Shahid-remotestate/ci-cd-demo/branches{/branch}","tags_url":"https://api.github.com/repos/Shahid-remotestate/ci-cd-demo/tags","blobs_url":"https://api.github.com/repos/Shahid-remotestate/ci-cd-demo/git/blobs{/sha}","git_tags_url":"https://api.github.com/repos/Shahid-remotestate/ci-cd-demo/git/tags{/sha}","git_refs_url":"https://api.github.com/repos/Shahid-remotestate/ci-cd-demo/git/refs{/sha}","trees_url":"https://api.github.com/repos/Shahid-remotestate/ci-cd-demo/git/trees{/sha}","statuses_url":"https://api.github.com/repos/Shahid-remotestate/ci-cd-demo/statuses/{sha}","languages_url":"https://api.github.com/repos/Shahid-remotestate/ci-cd-demo/languages","stargazers_url":"https://api.github.com/repos/Shahid-remotestate/ci-cd-demo/stargazers","contributors_url":"https://api.github.com/repos/Shahid-remotestate/ci-cd-demo/contributors","subscribers_url":"https://api.github.com/repos/Shahid-remotestate/ci-cd-demo/subscribers","subscription_url":"https://api.github.com/repos/Shahid-remotestate/ci-cd-demo/subscription","commits_url":"https://api.github.com/repos/Shahid-remotestate/ci-cd-demo/commits{/sha}","git_commits_url":"https://api.github.com/repos/Shahid-remotestate/ci-cd-demo/git/commits{/sha}","comments_url":"https://api.github.com/repos/Shahid-remotestate/ci-cd-demo/comments{/number}","issue_comment_url":"https://api.github.com/repos/Shahid-remotestate/ci-cd-demo/issues/comments{/number}","contents_url":"https://api.github.com/repos/Shahid-remotestate/ci-cd-demo/contents/{+path}","compare_url":"https://api.github.com/repos/Shahid-remotestate/ci-cd-demo/compare/{base}...{head}","merges_url":"https://api.github.com/repos/Shahid-remotestate/ci-cd-demo/merges","archive_url":"https://api.github.com/repos/Shahid-remotestate/ci-cd-demo/{archive_format}{/ref}","downloads_url":"https://api.github.com/repos/Shahid-remotestate/ci-cd-demo/downloads","issues_url":"https://api.github.com/repos/Shahid-remotestate/ci-cd-demo/issues{/number}","pulls_url":"https://api.github.com/repos/Shahid-remotestate/ci-cd-demo/pulls{/number}","milestones_url":"https://api.github.com/repos/Shahid-remotestate/ci-cd-demo/milestones{/number}","notifications_url":"https://api.github.com/repos/Shahid-remotestate/ci-cd-demo/notifications{?since,all,participating}","labels_url":"https://api.github.com/repos/Shahid-remotestate/ci-cd-demo/labels{/name}","releases_url":"https://api.github.com/repos/Shahid-remotestate/ci-cd-demo/releases{/id}","deployments_url":"https://api.github.com/repos/Shahid-remotestate/ci-cd-demo/deployments","created_at":"2022-01-29T17:43:43Z","updated_at":"2022-01-29T18:02:40Z","pushed_at":"2022-02-03T07:45:32Z","git_url":"git://github.com/Shahid-remotestate/ci-cd-demo.git","ssh_url":"git@github.com:Shahid-remotestate/ci-cd-demo.git","clone_url":"https://github.com/Shahid-remotestate/ci-cd-demo.git","svn_url":"https://github.com/Shahid-remotestate/ci-cd-demo","homepage":null,"size":156,"stargazers_count":0,"watchers_count":0,"language":"TypeScript","has_issues":true,"has_projects":true,"has_downloads":true,"has_wiki":true,"has_pages":false,"forks_count":0,"mirror_url":null,"archived":false,"disabled":false,"open_issues_count":0,"license":null,"allow_forking":true,"is_template":false,"topics":[],"visibility":"public","forks":0,"open_issues":0,"watchers":0,"default_branch":"dev","permissions":{"admin":true,"maintain":true,"push":true,"triage":true,"pull":true},"temp_clone_token":"","allow_squash_merge":true,"allow_merge_commit":true,"allow_rebase_merge":true,"allow_auto_merge":false,"delete_branch_on_merge":false,"allow_update_branch":false,"network_count":0,"subscribers_count":1}
[debug] [2022-02-03T07:53:22.058Z] > refreshing access token with scopes: ["email","https://www.googleapis.com/auth/cloud-platform","https://www.googleapis.com/auth/cloudplatformprojects.readonly","https://www.googleapis.com/auth/firebase","openid"]
[debug] [2022-02-03T07:53:22.058Z] >>> HTTP REQUEST POST https://www.googleapis.com/oauth2/v3/token  
 <request body omitted>
[debug] [2022-02-03T07:53:22.523Z] <<< HTTP RESPONSE 200 {"expires":"Mon, 01 Jan 1990 00:00:00 GMT","cache-control":"no-cache, no-store, max-age=0, must-revalidate","date":"Thu, 03 Feb 2022 07:53:22 GMT","pragma":"no-cache","content-type":"application/json; charset=utf-8","vary":"X-Origin, Referer, Origin,Accept-Encoding","server":"scaffolding on HTTPServer2","x-xss-protection":"0","x-frame-options":"SAMEORIGIN","x-content-type-options":"nosniff","alt-svc":"h3=\":443\"; ma=2592000,h3-29=\":443\"; ma=2592000,h3-Q050=\":443\"; ma=2592000,h3-Q046=\":443\"; ma=2592000,h3-Q043=\":443\"; ma=2592000,quic=\":443\"; ma=2592000; v=\"46,43\"","accept-ranges":"none","transfer-encoding":"chunked"}
[debug] [2022-02-03T07:53:22.551Z] >>> HTTP REQUEST POST https://iam.googleapis.com/v1/projects/fir-28842/serviceAccounts  
 {"accountId":"github-action-453472246","serviceAccount":{"displayName":"GitHub Actions (Shahid-remotestate/ci-cd-demo)","description":"A service account with permission to deploy to Firebase Hosting for the GitHub repository Shahid-remotestate/ci-cd-demo"}}
[debug] [2022-02-03T07:53:42.488Z] Error: getaddrinfo ENOTFOUND iam.googleapis.com
    at GetAddrInfoReqWrap.onlookup [as oncomplete] (dns.js:71:26)
[error] 
[error] Error: Server Error. getaddrinfo ENOTFOUND iam.googleapis.com
[debug] [2022-02-03T07:56:58.856Z] ----------------------------------------------------------------------
[debug] [2022-02-03T07:56:58.858Z] Command:       /usr/bin/node /usr/bin/firebase init hosting:github
[debug] [2022-02-03T07:56:58.859Z] CLI Version:   9.20.0
[debug] [2022-02-03T07:56:58.859Z] Platform:      linux
[debug] [2022-02-03T07:56:58.859Z] Node Version:  v14.18.0
[debug] [2022-02-03T07:56:58.859Z] Time:          Thu Feb 03 2022 13:26:58 GMT+0530 (India Standard Time)
[debug] [2022-02-03T07:56:58.859Z] ----------------------------------------------------------------------
[debug] 
[debug] [2022-02-03T07:56:58.903Z] > command requires scopes: ["email","openid","https://www.googleapis.com/auth/cloudplatformprojects.readonly","https://www.googleapis.com/auth/firebase","https://www.googleapis.com/auth/cloud-platform"]
[debug] [2022-02-03T07:56:58.903Z] > authorizing via signed-in user (shahid.khan@remotestate.com)
[info] 
     ######## #### ########  ######## ########     ###     ######  ########
     ##        ##  ##     ## ##       ##     ##  ##   ##  ##       ##
     ######    ##  ########  ######   ########  #########  ######  ######
     ##        ##  ##    ##  ##       ##     ## ##     ##       ## ##
     ##       #### ##     ## ######## ########  ##     ##  ######  ########

You're about to initialize a Firebase project in this directory:

  /home/shahidkhan/Documents/demo

Before we get started, keep in mind:

  * You are initializing within an existing Firebase project directory

[info] 
=== Project Setup
[info] 
[info] First, let's associate this project directory with a Firebase project.
[info] You can create multiple project aliases by running firebase use --add, 
[info] but for now we'll just set up a default project.
[info] 
[info] i  .firebaserc already has a default project, using fir-28842. 
[debug] [2022-02-03T07:56:58.908Z] > refreshing access token with scopes: []
[debug] [2022-02-03T07:56:58.908Z] >>> HTTP REQUEST POST https://www.googleapis.com/oauth2/v3/token  
 <request body omitted>
[debug] [2022-02-03T07:56:59.451Z] <<< HTTP RESPONSE 200 {"pragma":"no-cache","expires":"Mon, 01 Jan 1990 00:00:00 GMT","cache-control":"no-cache, no-store, max-age=0, must-revalidate","date":"Thu, 03 Feb 2022 07:56:58 GMT","content-type":"application/json; charset=utf-8","vary":"X-Origin, Referer, Origin,Accept-Encoding","server":"scaffolding on HTTPServer2","x-xss-protection":"0","x-frame-options":"SAMEORIGIN","x-content-type-options":"nosniff","alt-svc":"h3=\":443\"; ma=2592000,h3-29=\":443\"; ma=2592000,h3-Q050=\":443\"; ma=2592000,h3-Q046=\":443\"; ma=2592000,h3-Q043=\":443\"; ma=2592000,quic=\":443\"; ma=2592000; v=\"46,43\"","accept-ranges":"none","transfer-encoding":"chunked"}
[debug] [2022-02-03T07:56:59.481Z] >>> [apiv2][query] GET https://firebase.googleapis.com/v1beta1/projects/fir-28842 [none]
[debug] [2022-02-03T07:57:08.736Z] Failed to make request to https://firebase.googleapis.com/v1beta1/projects/fir-28842
[debug] [2022-02-03T07:57:18.787Z] FirebaseError: Failed to make request to https://firebase.googleapis.com/v1beta1/projects/fir-28842
    at Client.doRequest (/usr/lib/node_modules/firebase-tools/lib/apiv2.js:211:19)
    at processTicksAndRejections (internal/process/task_queues.js:95:5)
    at async Client.request (/usr/lib/node_modules/firebase-tools/lib/apiv2.js:96:20)
    at async Object.getFirebaseProject (/usr/lib/node_modules/firebase-tools/lib/management/projects.js:290:21)
    at async Object.doSetup [as project] (/usr/lib/node_modules/firebase-tools/lib/init/features/project.js:77:27)
    at async init (/usr/lib/node_modules/firebase-tools/lib/init/index.js:19:9)
[error] 
[error] Error: Failed to get Firebase project fir-28842. Please make sure the project exists and your account has permission to access it.
[debug] [2022-02-03T07:57:34.040Z] ----------------------------------------------------------------------
[debug] [2022-02-03T07:57:34.042Z] Command:       /usr/bin/node /usr/bin/firebase init hosting:github
[debug] [2022-02-03T07:57:34.042Z] CLI Version:   9.20.0
[debug] [2022-02-03T07:57:34.042Z] Platform:      linux
[debug] [2022-02-03T07:57:34.042Z] Node Version:  v14.18.0
[debug] [2022-02-03T07:57:34.043Z] Time:          Thu Feb 03 2022 13:27:34 GMT+0530 (India Standard Time)
[debug] [2022-02-03T07:57:34.043Z] ----------------------------------------------------------------------
[debug] 
[debug] [2022-02-03T07:57:34.085Z] > command requires scopes: ["email","openid","https://www.googleapis.com/auth/cloudplatformprojects.readonly","https://www.googleapis.com/auth/firebase","https://www.googleapis.com/auth/cloud-platform"]
[debug] [2022-02-03T07:57:34.085Z] > authorizing via signed-in user (shahid.khan@remotestate.com)
[info] 
     ######## #### ########  ######## ########     ###     ######  ########
     ##        ##  ##     ## ##       ##     ##  ##   ##  ##       ##
     ######    ##  ########  ######   ########  #########  ######  ######
     ##        ##  ##    ##  ##       ##     ## ##     ##       ## ##
     ##       #### ##     ## ######## ########  ##     ##  ######  ########

You're about to initialize a Firebase project in this directory:

  /home/shahidkhan/Documents/demo

Before we get started, keep in mind:

  * You are initializing within an existing Firebase project directory

[info] 
=== Project Setup
[info] 
[info] First, let's associate this project directory with a Firebase project.
[info] You can create multiple project aliases by running firebase use --add, 
[info] but for now we'll just set up a default project.
[info] 
[info] i  .firebaserc already has a default project, using fir-28842. 
[debug] [2022-02-03T07:57:34.090Z] >>> [apiv2][query] GET https://firebase.googleapis.com/v1beta1/projects/fir-28842 [none]
[debug] [2022-02-03T07:57:35.010Z] <<< [apiv2][status] GET https://firebase.googleapis.com/v1beta1/projects/fir-28842 200
[debug] [2022-02-03T07:57:35.011Z] <<< [apiv2][body] GET https://firebase.googleapis.com/v1beta1/projects/fir-28842 {"projectId":"fir-28842","projectNumber":"584243164485","displayName":"demo","name":"projects/fir-28842","resources":{"hostingSite":"fir-28842"},"state":"ACTIVE"}
[info] 
=== Hosting:github Setup
[info] 
[info] i  Detected a .git folder at /home/shahidkhan/Documents/demo 
[info] i  Authorizing with GitHub to upload your service account to a GitHub repository's secrets store. 
[info] 
[info] Visit this URL on this device to log in:
[info] https://github.com/login/oauth/authorize?client_id=89cf50f02ac6aaed3484&state=601643998&redirect_uri=http%3A%2F%2Flocalhost%3A9005&scope=read%3Auser%20repo%20public_repo
[info] 
[info] Waiting for authentication...
[debug] [2022-02-03T07:57:35.813Z] >>> HTTP REQUEST POST https://github.com/login/oauth/access_token  
 {"client_id":"89cf50f02ac6aaed3484","client_secret":"3330d14abc895d9a74d5f17cd7a00711fa2c5bf0","code":"469bb81b86df26150ff2","redirect_uri":"http://localhost:9005","state":"601643998"}
[debug] [2022-02-03T07:57:36.928Z] <<< HTTP RESPONSE 200 {"server":"GitHub.com","date":"Thu, 03 Feb 2022 07:57:36 GMT","content-type":"application/json; charset=utf-8","transfer-encoding":"chunked","vary":"X-PJAX, X-PJAX-Container, Accept-Encoding, Accept, X-Requested-With","permissions-policy":"interest-cohort=()","etag":"W/\"1ef11420463a48f80947644b614f9a0d\"","cache-control":"max-age=0, private, must-revalidate","strict-transport-security":"max-age=31536000; includeSubdomains; preload","x-frame-options":"deny","x-content-type-options":"nosniff","x-xss-protection":"0","referrer-policy":"origin-when-cross-origin, strict-origin-when-cross-origin","expect-ct":"max-age=2592000, report-uri=\"https://api.github.com/_private/browser/errors\"","content-security-policy":"default-src 'none'; base-uri 'self'; block-all-mixed-content; child-src github.com/assets-cdn/worker/ gist.github.com/assets-cdn/worker/; connect-src 'self' uploads.github.com objects-origin.githubusercontent.com www.githubstatus.com collector.githubapp.com collector.github.com api.github.com github-cloud.s3.amazonaws.com github-production-repository-file-5c1aeb.s3.amazonaws.com github-production-upload-manifest-file-7fdce7.s3.amazonaws.com github-production-user-asset-6210df.s3.amazonaws.com cdn.optimizely.com logx.optimizely.com/v1/events translator.github.com wss://alive.github.com; font-src github.githubassets.com; form-action 'self' github.com gist.github.com objects-origin.githubusercontent.com; frame-ancestors 'none'; frame-src render.githubusercontent.com viewscreen.githubusercontent.com notebooks.githubusercontent.com; img-src 'self' data: github.githubassets.com identicons.github.com collector.githubapp.com collector.github.com github-cloud.s3.amazonaws.com secured-user-images.githubusercontent.com/ *.githubusercontent.com; manifest-src 'self'; media-src github.com user-images.githubusercontent.com/; script-src github.githubassets.com; style-src 'unsafe-inline' github.githubassets.com; worker-src github.com/assets-cdn/worker/ gist.github.com/assets-cdn/worker/","x-github-request-id":"ECE6:5FB5:95AA66:C59852:61FB8AEF"}
[debug] [2022-02-03T07:57:36.937Z] >>> [apiv2][query] GET https://api.github.com/user [none]
[debug] [2022-02-03T07:57:37.544Z] <<< [apiv2][status] GET https://api.github.com/user 200
[debug] [2022-02-03T07:57:37.545Z] <<< [apiv2][body] GET https://api.github.com/user {"login":"Shahid-remotestate","id":81220408,"node_id":"MDQ6VXNlcjgxMjIwNDA4","avatar_url":"https://avatars.githubusercontent.com/u/81220408?v=4","gravatar_id":"","url":"https://api.github.com/users/Shahid-remotestate","html_url":"https://github.com/Shahid-remotestate","followers_url":"https://api.github.com/users/Shahid-remotestate/followers","following_url":"https://api.github.com/users/Shahid-remotestate/following{/other_user}","gists_url":"https://api.github.com/users/Shahid-remotestate/gists{/gist_id}","starred_url":"https://api.github.com/users/Shahid-remotestate/starred{/owner}{/repo}","subscriptions_url":"https://api.github.com/users/Shahid-remotestate/subscriptions","organizations_url":"https://api.github.com/users/Shahid-remotestate/orgs","repos_url":"https://api.github.com/users/Shahid-remotestate/repos","events_url":"https://api.github.com/users/Shahid-remotestate/events{/privacy}","received_events_url":"https://api.github.com/users/Shahid-remotestate/received_events","type":"User","site_admin":false,"name":"Shahid Khan","company":"Remotestate","blog":"remotestate.com","location":"Noida","email":null,"hireable":null,"bio":null,"twitter_username":null,"public_repos":6,"public_gists":0,"followers":0,"following":0,"created_at":"2021-03-23T07:59:02Z","updated_at":"2021-12-05T10:50:41Z","private_gists":0,"total_private_repos":4,"owned_private_repos":4,"disk_usage":24581,"collaborators":0,"two_factor_authentication":false,"plan":{"name":"free","space":976562499,"collaborators":0,"private_repos":10000}}
[info] 
[info] ✔  Success! Logged into GitHub as Shahid-remotestate 
[info] 
[debug] [2022-02-03T07:58:01.319Z] >>> [apiv2][query] GET https://api.github.com/repos/ci-cd-demo/actions/secrets/public-key type=owner
[debug] [2022-02-03T07:58:02.224Z] <<< [apiv2][status] GET https://api.github.com/repos/ci-cd-demo/actions/secrets/public-key 404
[debug] [2022-02-03T07:58:02.225Z] <<< [apiv2][body] GET https://api.github.com/repos/ci-cd-demo/actions/secrets/public-key {"message":"Not Found","documentation_url":"https://docs.github.com/rest"}
[debug] [2022-02-03T07:58:12.578Z] >>> [apiv2][query] GET https://api.github.com/repos/ci-cd-demo/actions/secrets/public-key type=owner
[debug] [2022-02-03T07:58:14.664Z] >>> [apiv2][query] GET https://api.github.com/repos//actions/secrets/public-key type=owner
[debug] [2022-02-03T07:58:18.108Z] <<< [apiv2][status] GET https://api.github.com/repos//actions/secrets/public-key 404
[debug] [2022-02-03T07:58:18.109Z] <<< [apiv2][body] GET https://api.github.com/repos//actions/secrets/public-key {"message":"Not Found","documentation_url":"https://docs.github.com/rest"}
[debug] [2022-02-03T07:58:18.222Z] <<< [apiv2][status] GET https://api.github.com/repos/ci-cd-demo/actions/secrets/public-key 404
[debug] [2022-02-03T07:58:18.222Z] <<< [apiv2][body] GET https://api.github.com/repos/ci-cd-demo/actions/secrets/public-key {"message":"Not Found","documentation_url":"https://docs.github.com/rest"}
[debug] [2022-02-03T07:58:29.517Z] >>> [apiv2][query] GET https://api.github.com/repos/Shahid-remotestate/ci-cd-demo/actions/secrets/public-key type=owner
[debug] [2022-02-03T07:58:32.768Z] >>> [apiv2][query] GET https://api.github.com/repos//actions/secrets/public-key type=owner
[debug] [2022-02-03T07:59:28.713Z] >>> [apiv2][query] GET https://api.github.com/repos//actions/secrets/public-key type=owner
[debug] [2022-02-03T07:59:29.890Z] >>> [apiv2][query] GET https://api.github.com/repos/n/actions/secrets/public-key type=owner
[debug] [2022-02-03T07:59:30.736Z] >>> [apiv2][query] GET https://api.github.com/repos//actions/secrets/public-key type=owner
[debug] [2022-02-03T07:59:30.901Z] >>> [apiv2][query] GET https://api.github.com/repos//actions/secrets/public-key type=owner
